[    0.000000] Initializing cgroup subsys cpuset
[    0.000000] Initializing cgroup subsys cpu
[    0.000000] Initializing cgroup subsys cpuacct
[    0.000000] Linux version 4.4.0-119-generic (buildd@lcy01-amd64-013) (gcc version 5.4.0 20160609 (Ubuntu 5.4.0-6ubuntu1~16.04.9) ) #143-Ubuntu SMP Mon Apr 2 16:08:24 UTC 2018 (Ubuntu 4.4.0-119.143-generic 4.4.114)
[    0.000000] Command line: BOOT_IMAGE=/boot/vmlinuz-4.4.0-119-generic root=LABEL=cloudimg-rootfs ro console=tty1 console=ttyS0
[    0.000000] KERNEL supported cpus:
[    0.000000]   Intel GenuineIntel
[    0.000000]   AMD AuthenticAMD
[    0.000000]   Centaur CentaurHauls
[    0.000000] x86/fpu: xstate_offset[2]:  576, xstate_sizes[2]:  256
[    0.000000] x86/fpu: Supporting XSAVE feature 0x01: 'x87 floating point registers'
[    0.000000] x86/fpu: Supporting XSAVE feature 0x02: 'SSE registers'
[    0.000000] x86/fpu: Supporting XSAVE feature 0x04: 'AVX registers'
[    0.000000] x86/fpu: Enabled xstate features 0x7, context size is 832 bytes, using 'standard' format.
[    0.000000] x86/fpu: Using 'lazy' FPU context switches.
[    0.000000] e820: BIOS-provided physical RAM map:
[    0.000000] BIOS-e820: [mem 0x0000000000000000-0x000000000009fbff] usable
[    0.000000] BIOS-e820: [mem 0x000000000009fc00-0x000000000009ffff] reserved
[    0.000000] BIOS-e820: [mem 0x00000000000f0000-0x00000000000fffff] reserved
[    0.000000] BIOS-e820: [mem 0x0000000000100000-0x000000003ffeffff] usable
[    0.000000] BIOS-e820: [mem 0x000000003fff0000-0x000000003fffffff] ACPI data
[    0.000000] BIOS-e820: [mem 0x00000000fec00000-0x00000000fec00fff] reserved
[    0.000000] BIOS-e820: [mem 0x00000000fee00000-0x00000000fee00fff] reserved
[    0.000000] BIOS-e820: [mem 0x00000000fffc0000-0x00000000ffffffff] reserved
[    0.000000] NX (Execute Disable) protection: active
[    0.000000] SMBIOS 2.5 present.
[    0.000000] Hypervisor detected: KVM
[    0.000000] e820: last_pfn = 0x3fff0 max_arch_pfn = 0x400000000
[    0.000000] MTRR: Disabled
[    0.000000] x86/PAT: MTRRs disabled, skipping PAT initialization too.
[    0.000000] CPU MTRRs all blank - virtualized system.
[    0.000000] x86/PAT: Configuration [0-7]: WB  WT  UC- UC  WB  WT  UC- UC  
[    0.000000] found SMP MP-table at [mem 0x0009fff0-0x0009ffff] mapped at [ffff88000009fff0]
[    0.000000] Scanning 1 areas for low memory corruption
[    0.000000] RAMDISK: [mem 0x36abe000-0x37556fff]
[    0.000000] ACPI: Early table checksum verification disabled
[    0.000000] ACPI: RSDP 0x00000000000E0000 000024 (v02 VBOX  )
[    0.000000] ACPI: XSDT 0x000000003FFF0030 00003C (v01 VBOX   VBOXXSDT 00000001 ASL  00000061)
[    0.000000] ACPI: FACP 0x000000003FFF00F0 0000F4 (v04 VBOX   VBOXFACP 00000001 ASL  00000061)
[    0.000000] ACPI: DSDT 0x000000003FFF0470 0021FF (v02 VBOX   VBOXBIOS 00000002 INTL 20160831)
[    0.000000] ACPI: FACS 0x000000003FFF0200 000040
[    0.000000] ACPI: FACS 0x000000003FFF0200 000040
[    0.000000] ACPI: APIC 0x000000003FFF0240 00005C (v02 VBOX   VBOXAPIC 00000001 ASL  00000061)
[    0.000000] ACPI: SSDT 0x000000003FFF02A0 0001CC (v01 VBOX   VBOXCPUT 00000002 INTL 20160831)
[    0.000000] No NUMA configuration found
[    0.000000] Faking a node at [mem 0x0000000000000000-0x000000003ffeffff]
[    0.000000] NODE_DATA(0) allocated [mem 0x3ffeb000-0x3ffeffff]
[    0.000000] kvm-clock: Using msrs 4b564d01 and 4b564d00
[    0.000000] kvm-clock: cpu 0, msr 0:3ffe3001, primary cpu clock
[    0.000000] kvm-clock: using sched offset of 3074316199 cycles
[    0.000000] clocksource: kvm-clock: mask: 0xffffffffffffffff max_cycles: 0x1cd42e4dffb, max_idle_ns: 881590591483 ns
[    0.000000] Zone ranges:
[    0.000000]   DMA      [mem 0x0000000000001000-0x0000000000ffffff]
[    0.000000]   DMA32    [mem 0x0000000001000000-0x000000003ffeffff]
[    0.000000]   Normal   empty
[    0.000000]   Device   empty
[    0.000000] Movable zone start for each node
[    0.000000] Early memory node ranges
[    0.000000]   node   0: [mem 0x0000000000001000-0x000000000009efff]
[    0.000000]   node   0: [mem 0x0000000000100000-0x000000003ffeffff]
[    0.000000] Initmem setup node 0 [mem 0x0000000000001000-0x000000003ffeffff]
[    0.000000] ACPI: PM-Timer IO Port: 0x4008
[    0.000000] IOAPIC[0]: apic_id 2, version 32, address 0xfec00000, GSI 0-23
[    0.000000] ACPI: INT_SRC_OVR (bus 0 bus_irq 0 global_irq 2 dfl dfl)
[    0.000000] ACPI: INT_SRC_OVR (bus 0 bus_irq 9 global_irq 9 high level)
[    0.000000] Using ACPI (MADT) for SMP configuration information
[    0.000000] smpboot: Allowing 2 CPUs, 0 hotplug CPUs
[    0.000000] PM: Registered nosave memory: [mem 0x00000000-0x00000fff]
[    0.000000] PM: Registered nosave memory: [mem 0x0009f000-0x0009ffff]
[    0.000000] PM: Registered nosave memory: [mem 0x000a0000-0x000effff]
[    0.000000] PM: Registered nosave memory: [mem 0x000f0000-0x000fffff]
[    0.000000] e820: [mem 0x40000000-0xfebfffff] available for PCI devices
[    0.000000] Booting paravirtualized kernel on KVM
[    0.000000] clocksource: refined-jiffies: mask: 0xffffffff max_cycles: 0xffffffff, max_idle_ns: 7645519600211568 ns
[    0.000000] setup_percpu: NR_CPUS:512 nr_cpumask_bits:512 nr_cpu_ids:2 nr_node_ids:1
[    0.000000] PERCPU: Embedded 34 pages/cpu @ffff88003fc00000 s99544 r8192 d31528 u1048576
[    0.000000] PV qspinlock hash table entries: 256 (order: 0, 4096 bytes)
[    0.000000] Built 1 zonelists in Node order, mobility grouping on.  Total pages: 257912
[    0.000000] Policy zone: DMA32
[    0.000000] Kernel command line: BOOT_IMAGE=/boot/vmlinuz-4.4.0-119-generic root=LABEL=cloudimg-rootfs ro console=tty1 console=ttyS0
[    0.000000] PID hash table entries: 4096 (order: 3, 32768 bytes)
[    0.000000] Memory: 1001672K/1048120K available (8532K kernel code, 1313K rwdata, 3996K rodata, 1508K init, 1316K bss, 46448K reserved, 0K cma-reserved)
[    0.000000] SLUB: HWalign=64, Order=0-3, MinObjects=0, CPUs=2, Nodes=1
[    0.000000] Kernel/User page tables isolation: enabled
[    0.000000] Hierarchical RCU implementation.
[    0.000000] 	Build-time adjustment of leaf fanout to 64.
[    0.000000] 	RCU restricting CPUs from NR_CPUS=512 to nr_cpu_ids=2.
[    0.000000] RCU: Adjusting geometry for rcu_fanout_leaf=64, nr_cpu_ids=2
[    0.000000] NR_IRQS:33024 nr_irqs:440 16
[    0.000000] Console: colour VGA+ 80x25
[    0.000000] console [tty1] enabled
[    0.000000] console [ttyS0] enabled
[    0.000000] tsc: Detected 2394.458 MHz processor
[    0.171758] Calibrating delay loop (skipped) preset value.. 4788.91 BogoMIPS (lpj=9577832)
[    0.173224] pid_max: default: 32768 minimum: 301
[    0.173999] ACPI: Core revision 20150930
[    0.175716] ACPI: 2 ACPI AML tables successfully acquired and loaded
[    0.176832] Security Framework initialized
[    0.177554] Yama: becoming mindful.
[    0.178217] AppArmor: AppArmor initialized
[    0.179024] Dentry cache hash table entries: 131072 (order: 8, 1048576 bytes)
[    0.180662] Inode-cache hash table entries: 65536 (order: 7, 524288 bytes)
[    0.182857] Mount-cache hash table entries: 2048 (order: 2, 16384 bytes)
[    0.183914] Mountpoint-cache hash table entries: 2048 (order: 2, 16384 bytes)
[    0.185156] Initializing cgroup subsys io
[    0.185867] Initializing cgroup subsys memory
[    0.186638] Initializing cgroup subsys devices
[    0.207297] Initializing cgroup subsys freezer
[    0.271249] Initializing cgroup subsys net_cls
[    0.278509] Initializing cgroup subsys perf_event
[    0.279475] Initializing cgroup subsys net_prio
[    0.295391] Initializing cgroup subsys hugetlb
[    0.331125] Initializing cgroup subsys pids
[    0.332026] CPU: Physical Processor ID: 0
[    0.334895] CPU: Processor Core ID: 0
[    0.335571] FEATURE SPEC_CTRL Not Present
[    0.337169] mce: CPU supports 0 MCE banks
[    0.337894] Last level iTLB entries: 4KB 1024, 2MB 1024, 4MB 1024
[    0.338859] Last level dTLB entries: 4KB 1024, 2MB 1024, 4MB 1024, 1GB 4
[    0.339877] Spectre V2 mitigation: Mitigation: Full generic retpoline
[    0.340860] Spectre V2 mitigation: Speculation control IBPB not-supported IBRS not-supported
[    0.393636] Freeing SMP alternatives memory: 32K
[    0.457740] ftrace: allocating 32195 entries in 126 pages
[    0.530977] smpboot: APIC(0) Converting physical 0 to logical package 0
[    0.557087] smpboot: Max logical packages: 1
[    0.558107] x2apic enabled
[    0.558908] Switched APIC routing to physical x2apic.
[    0.560865] ..TIMER: vector=0x30 apic1=0 pin1=2 apic2=-1 pin2=-1
[    0.667237] smpboot: CPU0: Intel(R) Core(TM) i7-4500U CPU @ 1.80GHz (family: 0x6, model: 0x45, stepping: 0x1)
[    0.693022] Performance Events: unsupported p6 CPU model 69 no PMU driver, software events only.
[    0.699956] KVM setup paravirtual spinlock
[    0.701396] x86: Booting SMP configuration:
[    0.707683] .... node  #0, CPUs:      #1
[    0.750722] kvm-clock: cpu 1, msr 0:3ffe3041, secondary cpu clock
[    0.766142] mce: CPU supports 0 MCE banks
[    0.830806] x86: Booted up 1 node, 2 CPUs
[    0.942459] smpboot: Total of 2 processors activated (9577.83 BogoMIPS)
[    0.983278] devtmpfs: initialized
[    0.987230] evm: security.selinux
[    0.996577] evm: security.SMACK64
[    0.997273] evm: security.SMACK64EXEC
[    0.998000] evm: security.SMACK64TRANSMUTE
[    0.998838] evm: security.SMACK64MMAP
[    1.004861] evm: security.ima
[    1.010801] evm: security.capability
[    1.011719] clocksource: jiffies: mask: 0xffffffff max_cycles: 0xffffffff, max_idle_ns: 7645041785100000 ns
[    1.021401] futex hash table entries: 512 (order: 3, 32768 bytes)
[    1.023725] pinctrl core: initialized pinctrl subsystem
[    1.025920] RTC time: 12:39:47, date: 04/06/18
[    1.028049] NET: Registered protocol family 16
[    1.042776] cpuidle: using governor ladder
[    1.086895] cpuidle: using governor menu
[    1.094630] PCCT header not found.
[    1.112971] ACPI: bus type PCI registered
[    1.113691] acpiphp: ACPI Hot Plug PCI Controller Driver version: 0.5
[    1.114802] PCI: Using configuration type 1 for base access
[    1.155845] ACPI: Added _OSI(Module Device)
[    1.201590] ACPI: Added _OSI(Processor Device)
[    1.214100] ACPI: Added _OSI(3.0 _SCP Extensions)
[    1.220036] ACPI: Added _OSI(Processor Aggregator Device)
[    1.221591] ACPI: Executed 1 blocks of module-level executable AML code
[    1.229935] ACPI: Interpreter enabled
[    1.237045] ACPI: (supports S0 S5)
[    1.238897] ACPI: Using IOAPIC for interrupt routing
[    1.246163] PCI: Using host bridge windows from ACPI; if necessary, use "pci=nocrs" and report a bug
[    1.261675] ACPI: PCI Root Bridge [PCI0] (domain 0000 [bus 00-ff])
[    1.277013] acpi PNP0A03:00: _OSC: OS supports [ASPM ClockPM Segments MSI]
[    1.284806] acpi PNP0A03:00: _OSC: not requesting OS control; OS requires [ExtendedConfig ASPM ClockPM MSI]
[    1.286532] acpi PNP0A03:00: fail to add MMCONFIG information, can't access extended PCI configuration space under this bridge.
[    1.314866] PCI host bridge to bus 0000:00
[    1.319298] pci_bus 0000:00: root bus resource [io  0x0000-0x0cf7 window]
[    1.320414] pci_bus 0000:00: root bus resource [io  0x0d00-0xffff window]
[    1.321526] pci_bus 0000:00: root bus resource [mem 0x000a0000-0x000bffff window]
[    1.322999] pci_bus 0000:00: root bus resource [mem 0x40000000-0xffdfffff window]
[    1.324426] pci_bus 0000:00: root bus resource [bus 00-ff]
[    1.326649] pci 0000:00:01.1: legacy IDE quirk: reg 0x10: [io  0x01f0-0x01f7]
[    1.331091] pci 0000:00:01.1: legacy IDE quirk: reg 0x14: [io  0x03f6]
[    1.375422] pci 0000:00:01.1: legacy IDE quirk: reg 0x18: [io  0x0170-0x0177]
[    1.415126] pci 0000:00:01.1: legacy IDE quirk: reg 0x1c: [io  0x0376]
[    1.438100] pci 0000:00:07.0: quirk: [io  0x4000-0x403f] claimed by PIIX4 ACPI
[    1.449653] pci 0000:00:07.0: quirk: [io  0x4100-0x410f] claimed by PIIX4 SMB
[    1.529827] ACPI: PCI Interrupt Link [LNKA] (IRQs 5 9 10 *11)
[    1.567218] ACPI: PCI Interrupt Link [LNKB] (IRQs 5 9 10 *11)
[    1.587891] ACPI: PCI Interrupt Link [LNKC] (IRQs 5 9 *10 11)
[    1.591669] ACPI: PCI Interrupt Link [LNKD] (IRQs 5 *9 10 11)
[    1.594806] ACPI: Enabled 2 GPEs in block 00 to 07
[    1.601060] vgaarb: setting as boot device: PCI:0000:00:02.0
[    1.603668] vgaarb: device added: PCI:0000:00:02.0,decodes=io+mem,owns=io+mem,locks=none
[    1.605171] vgaarb: loaded
[    1.605763] vgaarb: bridge control possible 0000:00:02.0
[    1.606929] SCSI subsystem initialized
[    1.610234] ACPI: bus type USB registered
[    1.623374] usbcore: registered new interface driver usbfs
[    1.625458] usbcore: registered new interface driver hub
[    1.627634] usbcore: registered new device driver usb
[    1.629288] PCI: Using ACPI for IRQ routing
[    1.631460] NetLabel: Initializing
[    1.635152] NetLabel:  domain hash size = 128
[    1.635985] NetLabel:  protocols = UNLABELED CIPSOv4
[    1.636863] NetLabel:  unlabeled traffic allowed by default
[    1.637974] amd_nb: Cannot enumerate AMD northbridges
[    1.640088] clocksource: Switched to clocksource kvm-clock
[    1.651173] AppArmor: AppArmor Filesystem Enabled
[    1.657378] pnp: PnP ACPI init
[    1.661896] pnp: PnP ACPI: found 3 devices
[    1.726854] clocksource: acpi_pm: mask: 0xffffff max_cycles: 0xffffff, max_idle_ns: 2085701024 ns
[    1.757187] NET: Registered protocol family 2
[    1.758182] TCP established hash table entries: 8192 (order: 4, 65536 bytes)
[    1.775817] TCP bind hash table entries: 8192 (order: 5, 131072 bytes)
[    1.785671] TCP: Hash tables configured (established 8192 bind 8192)
[    1.791308] UDP hash table entries: 512 (order: 2, 16384 bytes)
[    1.796318] UDP-Lite hash table entries: 512 (order: 2, 16384 bytes)
[    1.816586] NET: Registered protocol family 1
[    1.847055] pci 0000:00:00.0: Limiting direct PCI/PCI transfers
[    1.916194] pci 0000:00:01.0: Activating ISA DMA hang workarounds
[    1.917288] Unpacking initramfs...
[    3.743015] Freeing initrd memory: 10852K
[    3.804607] RAPL PMU detected, API unit is 2^-32 Joules, 4 fixed counters 10737418240 ms ovfl timer
[    3.931574] hw unit of domain pp0-core 2^-0 Joules
[    3.936480] hw unit of domain package 2^-0 Joules
[    3.938445] hw unit of domain dram 2^-0 Joules
[    3.939259] hw unit of domain pp1-gpu 2^-0 Joules
[    3.940222] platform rtc_cmos: registered platform RTC device (no PNP device found)
[    3.945673] Scanning for low memory corruption every 60 seconds
[    3.972748] audit: initializing netlink subsys (disabled)
[    4.029663] audit: type=2000 audit(1523018393.089:1): initialized
[    4.079693] Initialise system trusted keyring
[    4.085264] HugeTLB registered 2 MB page size, pre-allocated 0 pages
[   44.117112] zbud: loaded
[    4.265711] VFS: Disk quotas dquot_6.6.0
[    4.325612] VFS: Dquot-cache hash table entries: 512 (order 0, 4096 bytes)
[    4.331733] squashfs: version 4.0 (2009/01/31) Phillip Lougher
[    4.336181] fuse init (API version 7.23)
[    4.344510] Key type big_key registered
[    4.351873] Allocating IMA MOK and blacklist keyrings.
[    4.354200] Key type asymmetric registered
[    4.425517] Asymmetric key parser 'x509' registered
[    4.426399] Block layer SCSI generic (bsg) driver version 0.4 loaded (major 249)
[    4.431087] io scheduler noop registered
[    4.431807] io scheduler deadline registered (default)
[    4.435332] io scheduler cfq registered
[    4.505586] pci_hotplug: PCI Hot Plug PCI Core version: 0.5
[    4.615608] pciehp: PCI Express Hot Plug Controller Driver version: 0.4
[    4.685505] ACPI: AC Adapter [AC] (on-line)
[    4.695731] input: Power Button as /devices/LNXSYSTM:00/LNXPWRBN:00/input/input0
[    4.706367] ACPI: Power Button [PWRF]
[    4.715605] input: Sleep Button as /devices/LNXSYSTM:00/LNXSLPBN:00/input/input1
[    4.726518] ACPI: Sleep Button [SLPF]
[    4.728916] ACPI: Battery Slot [BAT0] (battery present)
[    4.730375] GHES: HEST is not enabled!
[    4.734613] Serial: 8250/16550 driver, 32 ports, IRQ sharing enabled
[    4.767583] 00:02: ttyS0 at I/O 0x3f8 (irq = 4, base_baud = 115200) is a 16550A
[    4.777444] Linux agpgart interface v0.103
[    4.784920] loop: module loaded
[    4.855862] scsi host0: ata_piix
[    4.875722] scsi host1: ata_piix
[    4.885610] ata1: PATA max UDMA/33 cmd 0x1f0 ctl 0x3f6 bmdma 0xd000 irq 14
[    4.891059] ata2: PATA max UDMA/33 cmd 0x170 ctl 0x376 bmdma 0xd008 irq 15
[    4.894269] libphy: Fixed MDIO Bus: probed
[    4.898544] tun: Universal TUN/TAP device driver, 1.6
[    4.899477] tun: (C) 1999-2004 Max Krasnyansky <maxk@qualcomm.com>
[    4.900565] PPP generic driver version 2.4.2
[    4.905775] ehci_hcd: USB 2.0 'Enhanced' Host Controller (EHCI) Driver
[    4.910921] ehci-pci: EHCI PCI platform driver
[    4.944935] tsc: Refined TSC clocksource calibration: 2398.179 MHz
[    4.944937] clocksource: tsc: mask: 0xffffffffffffffff max_cycles: 0x22917f39c7d, max_idle_ns: 440795285040 ns
[    4.978563] ehci-platform: EHCI generic platform driver
[    4.982355] ohci_hcd: USB 1.1 'Open' Host Controller (OHCI) Driver
[    4.985987] ohci-pci: OHCI PCI platform driver
[    4.990775] ohci-platform: OHCI generic platform driver
[    4.993712] uhci_hcd: USB Universal Host Controller Interface driver
[    4.994782] i8042: PNP: PS/2 Controller [PNP0303:PS2K,PNP0f03:PS2M] at 0x60,0x64 irq 1,12
[    4.996667] serio: i8042 KBD port at 0x60,0x64 irq 1
[    5.105535] serio: i8042 AUX port at 0x60,0x64 irq 12
[    5.145812] mousedev: PS/2 mouse device common for all mice
[    5.226427] input: AT Translated Set 2 keyboard as /devices/platform/i8042/serio0/input/input2
[    5.242564] rtc_cmos rtc_cmos: rtc core: registered rtc_cmos as rtc0
[    5.246088] rtc_cmos rtc_cmos: alarms up to one day, 114 bytes nvram
[    5.248935] i2c /dev entries driver
[    5.250911] device-mapper: uevent: version 1.0.3
[    5.259335] device-mapper: ioctl: 4.34.0-ioctl (2015-10-28) initialised: dm-devel@redhat.com
[    5.262036] ledtrig-cpu: registered to indicate activity on CPUs
[    5.265670] NET: Registered protocol family 10
[    5.275694] NET: Registered protocol family 17
[    5.277663] Key type dns_resolver registered
[    5.279099] registered taskstats version 1
[    5.280999] Loading compiled-in X.509 certificates
[    5.297356] Loaded X.509 cert 'Build time autogenerated kernel key: f854e06633b5f496ced5b2e02c7b14f761b69302'
[    5.303860] zswap: loaded using pool lzo/zbud
[    5.317276] Key type trusted registered
[    5.363876] Key type encrypted registered
[    5.383066] AppArmor: AppArmor sha1 policy hashing enabled
[    5.383944] ima: No TPM chip found, activating TPM-bypass!
[    5.460648] evm: HMAC attrs: 0x1
[    5.506335]   Magic number: 14:840:682
[    5.512529] rtc_cmos rtc_cmos: setting system clock to 2018-04-06 12:39:51 UTC (1523018391)
[    5.516646] BIOS EDD facility v0.16 2004-Jun-25, 0 devices found
[    5.539078] EDD information not available.
[    5.594810] Freeing unused kernel memory: 1508K
[    5.601021] Write protecting the kernel read-only data: 14336k
[    5.602605] Freeing unused kernel memory: 1696K
[    5.613826] Freeing unused kernel memory: 100K
Loading, please wait...
[    5.651175] random: systemd-udevd: uninitialized urandom read (16 bytes read, 2 bits of entropy available)
starting version 229
[    5.651866] random: udevadm: uninitialized urandom read (16 bytes read, 2 bits of entropy available)
[    5.651887] random: udevadm: uninitialized urandom read (16 bytes read, 2 bits of entropy available)
[    5.661785] random: udevadm: uninitialized urandom read (16 bytes read, 2 bits of entropy available)
[    5.661847] random: udevadm: uninitialized urandom read (16 bytes read, 2 bits of entropy available)
[    5.662042] random: udevadm: uninitialized urandom read (16 bytes read, 2 bits of entropy available)
[    5.662113] random: udevadm: uninitialized urandom read (16 bytes read, 2 bits of entropy available)
[    5.662181] random: udevadm: uninitialized urandom read (16 bytes read, 2 bits of entropy available)
[    5.662246] random: udevadm: uninitialized urandom read (16 bytes read, 2 bits of entropy available)
[    5.662308] random: udevadm: uninitialized urandom read (16 bytes read, 2 bits of entropy available)
[    5.919677] Fusion MPT base driver 3.04.20
[    6.005531] Copyright (c) 1999-2008 LSI Corporation
[    6.018411] e1000: Intel(R) PRO/1000 Network Driver - version 7.3.21-k8-NAPI
[    6.115531] e1000: Copyright (c) 1999-2006 Intel Corporation.
[    6.149578] Fusion MPT SPI Host driver 3.04.20
[    6.161788] AVX version of gcm_enc/dec engaged.
[    6.183897] mptbase: ioc0: Initiating bringup
[    6.248806] AES CTR mode by8 optimization enabled
[    6.304668] ioc0: LSI53C1030 A0: Capabilities={Initiator}
[    6.459332] input: ImExPS/2 Generic Explorer Mouse as /devices/platform/i8042/serio1/input/input4
[    6.664717] scsi host2: ioc0: LSI53C1030 A0, FwRev=00000000h, Ports=1, MaxQ=256, IRQ=20
[    6.800527] scsi 2:0:0:0: Direct-Access     VBOX     HARDDISK         1.0  PQ: 0 ANSI: 5
[    6.857461] scsi target2:0:0: Beginning Domain Validation
[    6.892792] scsi target2:0:0: Domain Validation skipping write tests
[    6.902634] scsi target2:0:0: Ending Domain Validation
[    6.908266] scsi target2:0:0: asynchronous
[    6.912203] scsi 2:0:1:0: Direct-Access     VBOX     HARDDISK         1.0  PQ: 0 ANSI: 5
[    6.945589] scsi target2:0:1: Beginning Domain Validation
[    7.035576] scsi target2:0:1: Domain Validation skipping write tests
[    7.120597] scsi target2:0:1: Ending Domain Validation
[    7.121701] scsi target2:0:1: asynchronous
[    7.133054] sd 2:0:0:0: Attached scsi generic sg0 type 0
[    7.135220] sd 2:0:0:0: [sda] 20971520 512-byte logical blocks: (10.7 GB/10.0 GiB)
[    7.179705] sd 2:0:1:0: Attached scsi generic sg1 type 0
[    7.179817] sd 2:0:1:0: [sdb] 20480 512-byte logical blocks: (10.5 MB/10.0 MiB)
[    7.179859] sd 2:0:0:0: [sda] Write Protect is off
[    7.179922] sd 2:0:1:0: [sdb] Write Protect is off
[    7.179933] sd 2:0:0:0: [sda] Incomplete mode parameter data
[    7.179934] sd 2:0:0:0: [sda] Assuming drive cache: write through
[    7.179995] sd 2:0:1:0: [sdb] Incomplete mode parameter data
[    7.179996] sd 2:0:1:0: [sdb] Assuming drive cache: write through
[    7.181468]  sda: sda1
[    7.181643] sd 2:0:1:0: [sdb] Attached SCSI disk
[    7.182137] sd 2:0:0:0: [sda] Attached SCSI disk
[    7.373482] e1000 0000:00:03.0 eth0: (PCI:33MHz:32-bit) 02:43:34:32:a4:f6
[    7.373487] e1000 0000:00:03.0 eth0: Intel(R) PRO/1000 Network Connection
[    7.378313] e1000 0000:00:03.0 enp0s3: renamed from eth0
[    9.012350] floppy0: no floppy controllers found
Begin: Loading e[   10.407590] md: linear personality registered for level -1
ssential drivers ... [   10.418520] md: multipath personality registered for level -4
[   10.423060] md: raid0 personality registered for level 0
[   10.427847] md: raid1 personality registered for level 1
[   10.500106] raid6: sse2x1   gen()  8147 MB/s
[   10.612131] raid6: sse2x1   xor()  6206 MB/s
[   10.724113] raid6: sse2x2   gen() 10959 MB/s
[   10.796143] raid6: sse2x2   xor()  5924 MB/s
[   10.876129] raid6: sse2x4   gen() 12649 MB/s
[   10.984139] raid6: sse2x4   xor()  9296 MB/s
[   11.001888] raid6: using algorithm sse2x4 gen() 12649 MB/s
[   11.005279] raid6: .... xor() 9296 MB/s, rmw enabled
[   11.006393] raid6: using ssse3x2 recovery algorithm
[   11.015451] xor: automatically using best checksumming function:
[   11.120456]    avx       : 34691.000 MB/sec
[   11.166524] async_tx: api initialized (async)
[   11.176859] md: raid6 personality registered for level 6
[   11.185844] md: raid5 personality registered for level 5
[   11.186825] md: raid4 personality registered for level 4
[   11.195966] md: raid10 personality registered for level 10
done.
Begin: Running /scripts/i[   11.242817] Btrfs loaded
nit-premount ... done.
Begin: Mounting root file system ... Begin: Running /scripts/local-top ... done.
Begin: Running /scripts/local-premount ... Scanning for Btrfs filesystems
done.
Warning: fsck not present, so skipping root file sys[   11.313213] EXT4-fs (sda1): mounted filesystem with ordered data mode. Opts: (null)
tem
done.
Begin: Running /scripts/local-bottom ... done.
Begin: Running /scripts/init-bottom ... done.
[   11.460170] systemd[1]: systemd 229 running in system mode. (+PAM +AUDIT +SELINUX +IMA +APPARMOR +SMACK +SYSVINIT +UTMP +LIBCRYPTSETUP +GCRYPT +GNUTLS +ACL +XZ -LZ4 +SECCOMP +BLKID +ELFUTILS +KMOD -IDN)
[   11.659225] systemd[1]: Detected virtualization oracle.
[   11.685583] systemd[1]: Detected architecture x86-64.

Welcome to [1mUbuntu 16.04.4 LTS[0m!

[   11.756967] systemd[1]: Set hostname to <ubuntu>.
[   11.798160] systemd[1]: Initializing machine ID from random generator.
[   11.816511] systemd[1]: Installed transient /etc/machine-id file.
[   12.054253] systemd[1]: Started Trigger resolvconf update for networkd DNS.
[[0;32m  OK  [0m] Started Trigger resolvconf update for networkd DNS.
[   12.152686] systemd[1]: Listening on LVM2 poll daemon socket.
[[0;32m  OK  [0m] Listening on LVM2 poll daemon socket.
[   12.288668] systemd[1]: Created slice User and Session Slice.
[[0;32m  OK  [0m] Created slice User and Session Slice.
[   12.440421] systemd[1]: Listening on Journal Socket.
[[0;32m  OK  [0m] Listening on Journal Socket.
[   12.498877] systemd[1]: Listening on udev Kernel Socket.
[[0;32m  OK  [0m] Listening on udev Kernel Socket.
[   12.564349] systemd[1]: Reached target System Time Synchronized.
[[0;32m  OK  [0m] Reached target System Time Synchronized.
[   12.608594] systemd[1]: Listening on LVM2 metadata daemon socket.
[[0;32m  OK  [0m] Listening on LVM2 metadata daemon socket.
[   12.744663] systemd[1]: Listening on Journal Socket (/dev/log).
[[0;32m  OK  [0m] Listening on Journal Socket (/dev/log).
[   12.793745] systemd[1]: Reached target Swap.
[[0;32m  OK  [0m] Reached target Swap.
[   12.832609] systemd[1]: Set up automount Arbitrary Executable File Formats File System Automount Point.
[[0;32m  OK  [0m] Set up automount Arbitrary Executab...ats File System Automount Point.
[   12.923198] systemd[1]: Created slice System Slice.
[[0;32m  OK  [0m] Created slice System Slice.
[   12.940494] systemd[1]: Starting Remount Root and Kernel File Systems...
[   12.944572] EXT4-fs (sda1): re-mounted. Opts: (null)
         Starting Remount Root and Kernel File Systems...
[   12.996599] systemd[1]: Starting Create list of required static device nodes for the current kernel...
         Starting Create list of required st... nodes for the current kernel...
[   13.013273] systemd[1]: Created slice system-serial\x2dgetty.slice.
[[0;32m  OK  [0m] Created slice system-serial\x2dgetty.slice.
[   13.087590] systemd[1]: Starting Load Kernel Modules...
[   13.105003] Loading iSCSI transport class v2.0-870.
         Starting Load Kernel Modules...
[   13.113139] systemd[1]: Started Forward Password Requests to Wall Directory Watch.
[   13.125568] iscsi: registered transport (tcp)
[[0;32m  OK  [0m] Started Forward Password Requests to Wall Directory Watch.
[   13.139205] systemd[1]: Listening on /dev/initctl Compatibility Named Pipe.
[[0;32m  OK  [0m] Listening on /dev/initctl Compatibility Named Pipe.
[   13.154468] systemd[1]: Listening on Device-mapper event daemon FIFOs.
[[0;32m  OK  [0m] Listening on[   13.176849] iscsi: registered transport (iser)
 Device-mapper event daemon FIFOs.
[   13.208566] systemd[1]: Starting Monitoring of LVM2 mirrors, snapshots etc. using dmeventd or progress polling...
         Starting Monitoring of LVM2 mirrors... dmeventd or progress polling...
[   13.223646] systemd[1]: Reached target Encrypted Volumes.
[[0;32m  OK  [0m] Reached target Encrypted Volumes.
[   13.268675] systemd[1]: Listening on udev Control Socket.
[[0;32m  OK  [0m] Listening on udev Control Socket.
[   13.316322] systemd[1]: Starting Uncomplicated firewall...
         Starting Uncomplicated firewall...
[   13.376599] systemd[1]: Starting Set console keymap...
[   13.377387] random: nonblocking pool is initialized
         Starting Set console keymap...
[   13.784361] systemd[1]: Starting Nameserver information manager...
         Starting Nameserver information manager...
[   13.937362] systemd[1]: Mounting Debug File System...
         Mounting Debug File System...
[   14.097553] systemd[1]: Reached target Slices.
[[0;32m  OK  [0m] Reached target Slices.
[   14.100686] systemd[1]: Mounting POSIX Message Queue File System...
         Mounting POSIX Message Queue File System...
[   14.292811] systemd[1]: Mounting Huge Pages File System...
         Mounting Huge Pages File System...
[   14.344458] systemd[1]: Listening on Syslog Socket.
[[0;32m  OK  [0m] Listening on Syslog Socket.
[   14.409220] systemd[1]: Reached target User and Group Name Lookups.
[[0;32m  OK  [0m] Reached target User and Group Name Lookups.
[   14.468835] systemd[1]: Listening on Journal Audit Socket.
[[0;32m  OK  [0m] Listening on Journal Audit Socket.
[   14.556411] systemd[1]: Starting Journal Service...
         Starting Journal Service...
[   14.573883] systemd[1]: Mounted Huge Pages File System.
[[0;32m  OK  [0m] Mounted Huge Pages File System.
[   14.588013] systemd[1]: Mounted POSIX Message Queue File System.
[[0;32m  OK  [0m] Mounted POSIX Message Queue File System.
[   14.592836] systemd[1]: Mounted Debug File System.
[[0;32m  OK  [0m] Mounted Debug File System.
[   14.596400] systemd[1]: Started Journal Service.
[[0;32m  OK  [0m] Started Journal Service.
[[0;32m  OK  [0m] Started Remount Root and Kernel File Systems.
[[0;32m  OK  [0m] Started Create list of required sta...ce nodes for the current kernel.
[[0;32m  OK  [0m] Started Load Kernel Modules.
[[0;32m  OK  [0m] Started Uncomplicated firewall.
[[0;32m  OK  [0m] Started Set console keymap.
[[0;32m  OK  [0m] Started Nameserver information manager.
[[0;32m  OK  [0m] Started LVM2 metadata daemon.
         Starting Apply Kernel Variables...
         Mounting FUSE Control File System...
         Starting Create Static Device Nodes in /dev...
         Starting Load/Save Random Seed...
         Starting udev Coldplug all Devices...
         Starting Initial cloud-init job (pre-networking)...
         Starting Flush Journal to Persistent Storage...
[[0;32m  OK  [0m] Mounted FUSE Control File System.
[[0;32m  OK  [0m] Started Apply Kernel Variables.
[[0;32m  OK  [0m] Started Create Static Device Nodes in /dev.
[[0;32m  OK  [0m] Started Load/Save Random Seed.
[[0;32m  OK  [0m] Started udev Coldplug all Devices.
[[0;32m  OK  [0m] Started Flush Journal to Persistent Storage.
         Starting udev Kernel Device Manager...
[[0;32m  OK  [0m] Started udev Kernel Device Manager.
[[0;32m  OK  [0m] Started Dispatch Password Requests to Console Directory Watch.
[[0;32m  OK  [0m] Started Monitoring of LVM2 mirrors,...ng dmeventd or progress polling.
[[0;32m  OK  [0m] Found device /dev/ttyS0.
[[0;32m  OK  [0m] Reached target Local File Systems (Pre).
[[0;32m  OK  [0m] Reached target Local File Systems.
         Starting Create Volatile Files and Directories...
         Starting Commit a transient machine-id on disk...
         Starting Set console font and keymap...
         Starting Tell Plymouth To Write Out Runtime Data...
[   15.057618] cloud-init[457]: Cloud-init v. 17.2 running 'init-local' at Fri, 06 Apr 2018 12:40:01 +0000. Up 14.66 seconds.
         Starting LSB: AppArmor initialization...
[[0;32m  OK  [0m] Started Create Volatile Files and Directories.
[[0;32m  OK  [0m] Started Commit a transient machine-id on disk.
[[0;32m  OK  [0m] Started Tell Plymouth To Write Out Runtime Data.
[[0;32m  OK  [0m] Started Initial cloud-init job (pre-networking).
[[0;32m  OK  [0m] Listening on Load/Save RF Kill Switch Status /dev/rfkill Watch.
[[0;32m  OK  [0m] Reached target Network (Pre).
         Starting Update UTMP about System Boot/Shutdown...
[[0;32m  OK  [0m] Started Update UTMP about System Boot/Shutdown.
[[0;32m  OK  [0m] Started Set console font and keymap.
[[0;32m  OK  [0m] Created slice system-getty.slice.
[[0;32m  OK  [0m] Started LSB: AppArmor initialization.
         Starting Raise network interfaces...
[[0;32m  OK  [0m] Started Raise network interfaces.
[[0;32m  OK  [0m] Reached target Network.
         Starting Initial cloud-init job (metadata service crawler)...
[   18.625268] cloud-init[933]: Cloud-init v. 17.2 running 'init' at Fri, 06 Apr 2018 12:40:05 +0000. Up 17.88 seconds.
[   18.745116] cloud-init[933]: ci-info: +++++++++++++++++++++++++++++++++++++Net device info++++++++++++++++++++++++++++++++++++++
[   18.746370] cloud-init[933]: ci-info: +--------+------+----------------------------+---------------+-------+-------------------+
[[0;32m  OK  [0m] Started Initial cloud-init job (metadata service crawler).
[   18.746733] cloud-init[933]: ci-info: | Device |  Up  |          Address           |      Mask     | Scope |     Hw-Address    |
[   18.868688] cloud-init[933]: ci-info: +--------+------+----------------------------+---------------+-------+-------------------+
[   18.869248] cloud-init[933]: ci-info: | enp0s3 | True |         10.0.2.15          | 255.255.255.0 |   .   | 02:43:34:32:a4:f6 |
[[0;32m  OK  [0m] Reached target Network is Online.
[   18.869567] cloud-init[933]: ci-info: | enp0s3 | True | fe80::43:34ff:fe32:a4f6/64 |       .       |  link | 02:43:34:32:a4:f6 |
[   18.884484] cloud-init[933]: ci-info: |   lo   | True |         127.0.0.1          |   255.0.0.0   |   .   |         .         |
[   18.886278] cloud-init[933]: ci-info: |   lo   | True |          ::1/128           |       .       |  host |         .         |
[   18.888055] cloud-init[933]: ci-info: +--------+------+----------------------------+---------------+-------+-------------------+
[   18.889865] cloud-init[933]: ci-info: +++++++++++++++++++++++++++Route IPv4 info++++++++++++++++++++++++++++
[   18.892820] cloud-init[933]: ci-info: +-------+-------------+----------+---------------+-----------+-------+
[   18.897710] cloud-init[933]: ci-info: | Route | Destination | Gateway  |    Genmask    | Interface | Flags |
         [   18.912004] Starting iSCSI initiator daemon (iscsid)...cloud-init
[933]: ci-info: +-------+-------------+----------+---------------+-----------+-------+
[   18.924405] cloud-init[933]: ci-info: |   0   |   0.0.0.0   | 10.0.2.2 |    0.0.0.0    |   enp0s3  |   UG  |
[   18.924980] cloud-init[933]: ci-info: |   1   |   10.0.2.0  | 0.0.0.0  | 255.255.255.0 |   enp0s3  |   U   |
[   18.925513] cloud-init[933]: ci-info: +-------+-------------+----------+---------------+-----------+-------+
[   18.926088] cloud-init[933]: Generating public/private rsa key pair.
[   18.926665] cloud-init[933]: Your identification has been saved in /etc/ssh/ssh_host_rsa_key.
[   18.927197] cloud-init[933]: Your public key has been saved in /etc/ssh/ssh_host_rsa_key.pub.
[[0;32m  OK  [0m] Reached target System Initialization.
[[   18.927489] cloud-init[933]: The key fingerprint is:
[   19.085409] cloud-init[933]: SHA256:nv36YcBqe9dpvQGiN0qIMWQkQoL3K1Nz98g3Yd5eoq0 root@ubuntu-xenial
[0;32m  OK  [0m] Started Daily apt download activities.
[   19.085648] cloud-init[933]: The key's randomart image is:
[   19.139791] cloud-init[933]: +---[RSA 2048]----+
         Starting LXD - unix socket.
         Starting Socket activation for snappy daemon.
[   19.140378] cloud-init[933]: |+o . .           |
[   19.145829] cloud-init[933]: |o o o            |
[   19.146119] cloud-init[933]: | . . o           |
[[0;32m  OK  [0m] Started Daily Cleanup of Temporary Directories.
[[   19.146293] cloud-init[933]: |    * . ..o      |
[   19.149665] cloud-init[933]: |   . * oS=o+ .   |
[   19.149800] cloud-init[933]: |  o . +.++*.+ o  |
[   19.149976] cloud-init[933]: |   o . .=+.Bo+ + |
[   19.150111] cloud-init[933]: |       ...=o=.+ o|
[   19.150261] cloud-init[933]: |        .oE=o. ..|
[   19.150623] cloud-init[933]: +----[SHA256]-----+
[   19.150719] cloud-init[933]: Generating public/private dsa key pair.
[   19.150867] cloud-init[933]: Your identification has been saved in /etc/ssh/ssh_host_dsa_key.
[   19.151013] cloud-init[933]: Your public key has been saved in /etc/ssh/ssh_host_dsa_key.pub.
[   19.151164] cloud-init[933]: The key fingerprint is:
[   19.151314] cloud-init[933]: SHA256:MywHc5DmxdDyK1y6riZ6Aqzluhy+WVI1c3avc/PXMeA root@ubuntu-xenial
[   19.151465] cloud-init[933]: The key's randomart image is:
[   19.151616] cloud-init[933]: +---[DSA 1024]----+
[   19.151766] cloud-init[933]: |      o=         |
[   19.151920] cloud-init[933]: |      +.+        |
[   19.152234] cloud-init[933]: |     *o*..       |
[   19.152529] cloud-init[933]: |    . *=+ .  .   |
[   19.152680] cloud-init[933]: |.  . ..oS. .. .  |
[   19.152828] cloud-init[933]: |..o   +o.o.  E o |
[   19.152980] cloud-init[933]: |o= .   o o o    +|
[   19.153131] cloud-init[933]: |= O . .   o o  ..|
[   19.153280] cloud-init[933]: |+@.o.o.      ..  |
[   19.153588] cloud-init[933]: +----[SHA256]-----+
[   19.153736] cloud-init[933]: Generating public/private ecdsa key pair.
[   19.153885] cloud-init[933]: Your identification has been saved in /etc/ssh/ssh_host_ecdsa_key.
[   19.154049] cloud-init[933]: Your public key has been saved in /etc/ssh/ssh_host_ecdsa_key.pub.
[0;32m  OK  [0m] Listening on UUID daemon activation socket.
[   19.154223] cloud-init[933]: The key fingerprint is:
[   19.568518] cloud-init[933]: SHA256:PnSfyxAGSqyTSS3gY3522Wvh3BVb4bqAESyEUDi/BKU root@ubuntu-xenial
[[0;32m  OK  [0m] Started ACPI Events Check.
[   19.569207] cloud-init[933]: The key's randomart image is:
[   19.682110] cloud-init[933]: +---[ECDSA 256]---+
[[0;32m  OK  [0m] Reached target Paths.
[[   19.682515] cloud-init[933]: |  o=oo...     .  |
[   19.698395] cloud-init[933]: | .+o.o. ..   . . |
[   19.698794] cloud-init[933]: |  E+o +.o   . o  |
[   19.699035] cloud-init[933]: | o oo* + +   =   |
[   19.699274] cloud-init[933]: |  ..B.+ S = +    |
[   19.699516] cloud-init[933]: |   o.o = * = o   |
[   19.699759] cloud-init[933]: |        B o +    |
[   19.700077] cloud-init[933]: |       . . o .   |
[0;32m  OK  [0m] Listening on D-Bus System Message Bus Socket.
[[   19.700289] cloud-init[933]: |            o    |
[   19.896768] cloud-init[933]: +----[SHA256]-----+
[0;32m  OK  [0m] Started Timer to automatically refresh installed snaps.
[[   19.896914] cloud-init[933]: Generating public/private ed25519 key pair.
[   19.901757] cloud-init[933]: Your identification has been saved in /etc/ssh/ssh_host_ed25519_key.
[0;32m  OK  [0m] Listening on ACPID Listen Socket.
[[   19.901817] cloud-init[933]: Your public key has been saved in /etc/ssh/ssh_host_ed25519_key.pub.
[   19.919007] cloud-init[933]: The key fingerprint is:
[0;32m  OK  [0m] Started Daily apt upgrade and clean activities.
[[   19.919094] cloud-init[933]: SHA256:uTTD74/HB/plfyxucRoTGlmd+oLtZW7J2CgDDVJ2qZ8 root@ubuntu-xenial
[   19.940520] cloud-init[933]: The key's randomart image is:
[   19.940604] cloud-init[933]: +--[ED25519 256]--+
[   19.940750] cloud-init[933]: |            .  ..|
[   19.940898] cloud-init[933]: |         o o  ...|
[   19.941047] cloud-init[933]: |        o o  o.  |
[   19.941204] cloud-init[933]: |       o +  o..  |
[   19.941346] cloud-init[933]: |        S + +o.. |
[   19.941494] cloud-init[933]: |       . * Eoo++.|
[   19.941643] cloud-init[933]: |        . oo..%B.|
[   19.941791] cloud-init[933]: |         ..+o*=Bo|
[   19.941955] cloud-init[933]: |          o+=+o.o|
[   19.942108] cloud-init[933]: +----[SHA256]-----+
[0;32m  OK  [0m] Reached target Timers.
[[0;32m  OK  [0m] Reached target Cloud-config availability.
[[0;32m  OK  [0m] Listening on LXD - unix socket.
[[0;32m  OK  [0m] Listening on Socket activation for snappy daemon.
[[0;32m  OK  [0m] Started iSCSI initiator daemon (iscsid).
         Starting Login to default iSCSI targets...
[[0;32m  OK  [0m] Reached target Sockets.
[[0;32m  OK  [0m] Reached target Basic System.
[[0;32m  OK  [0m] Started Regular background program processing daemon.
         Starting Login Service...
         Starting Accounts Service...
         Starting Virtualbox guest utils...
[[0;32m  OK  [0m] Started Deferred execution scheduler.
         Starting LSB: Record successful boot for GRUB...
[[0;32m  OK  [0m] Started ACPI event daemon.
         Starting Apply the settings specified in cloud-config...
         Starting System Logging Service...
         Starting Pollinate to seed the pseudo random number generator...
[[0;32m  OK  [0m] Started D-Bus System Message Bus.
[[0;32m  OK  [0m] Started FUSE filesystem for LXC.
         Starting /etc/rc.local Compatibility...
         Starting Snappy daemon...
[[0;32m  OK  [0m] Started Unattended Upgrades Shutdown.
         Starting LSB: MD monitoring daemon...
         Starting LXD - container startup/shutdown...
[[0;32m  OK  [0m] Started System Logging Service.
[[0;32m  OK  [0m] Started /etc/rc.local Compatibility.
[[0;32m  OK  [0m] Started Snappy daemon.
[[0;32m  OK  [0m] Started LXD - container startup/shutdown.
[   20.860684] cloud-init[1056]: Generating locales (this might take a while)...
[[0;32m  OK  [0m] Started Login to default iSCSI targets.
[[0;32m  OK  [0m] Started LSB: Record successful boot for GRUB.
[[0;32m  OK  [0m] Started Virtualbox guest utils.
[[0;32m  OK  [0m] Started LSB: MD monitoring daemon.
[[0;32m  OK  [0m] Started Login Service.
         Starting Authenticate and Authorize Users to Run Privileged Tasks...
[[0;32m  OK  [0m] Reached target Remote File Systems (Pre).
[[0;32m  OK  [0m] Reached target Remote File Systems.
         Starting LSB: automatic crash report generation...
         Starting LSB: Set the CPU Frequency Scaling governor to "ondemand"...
         Starting LSB: daemon to balance interrupts for SMP systems...
         Starting Permit User Sessions...
[[0;32m  OK  [0m] Started Permit User Sessions.
[[0;32m  OK  [0m] Started Authenticate and Authorize Users to Run Privileged Tasks.
[[0;32m  OK  [0m] Started Accounts Service.
[[0;32m  OK  [0m] Started LSB: Set the CPU Frequency Scaling governor to "ondemand".
[[0;32m  OK  [0m] Started LSB: automatic crash report generation.
         Starting Terminate Plymouth Boot Screen...
         Starting Hold until boot process finishes up...
[[0;32m  OK  [0m] Started LSB: daemon to balance interrupts for SMP systems.
[[0;32m  OK  [0m] Started Terminate Plymouth Boot Screen.
[[0;32m  OK  [0m] Started Hold until boot process finishes up.
[[0;32m  OK  [0m] Started Serial Getty on ttyS0.
[[0;32m  OK  [0m] Started Getty on tty1.
[[0;32m  OK  [0m] Reached target Login Prompts.
         Starting Set console scheme...
[[0;32m  OK  [0m] Started Set console scheme.
[   21.782941] cloud-init[1056]:   en_US.UTF-8... done
[   21.828550] cloud-init[1056]: Generation complete.
[[0;32m  OK  [0m] Started Pollinate to seed the pseudo random number generator.
[   22.070419] cloud-init[1056]: Cloud-init v. 17.2 running 'modules:config' at Fri, 06 Apr 2018 12:40:07 +0000. Up 20.71 seconds.
[[0;32m  OK  [0m] Started Apply the settings specified in cloud-config.
         Starting OpenBSD Secure Shell server...
[[0;32m  OK  [0m] Started OpenBSD Secure Shell server.
[[0;32m  OK  [0m] Reached target Multi-User System.
[[0;32m  OK  [0m] Reached target Graphical Interface.
         Starting Update UTMP about System Runlevel Changes...
         Starting Execute cloud user/final scripts...
[[0;32m  OK  [0m] Started Update UTMP about System Runlevel Changes.
ci-info: no authorized ssh keys fingerprints found for user ubuntu.
<14>Apr  6 12:40:09 ec2: 
<14>Apr  6 12:40:09 ec2: #############################################################
<14>Apr  6 12:40:09 ec2: -----BEGIN SSH HOST KEY FINGERPRINTS-----
<14>Apr  6 12:40:09 ec2: 1024 SHA256:MywHc5DmxdDyK1y6riZ6Aqzluhy+WVI1c3avc/PXMeA root@ubuntu-xenial (DSA)
<14>Apr  6 12:40:09 ec2: 256 SHA256:PnSfyxAGSqyTSS3gY3522Wvh3BVb4bqAESyEUDi/BKU root@ubuntu-xenial (ECDSA)
<14>Apr  6 12:40:09 ec2: 256 SHA256:uTTD74/HB/plfyxucRoTGlmd+oLtZW7J2CgDDVJ2qZ8 root@ubuntu-xenial (ED25519)
<14>Apr  6 12:40:09 ec2: 2048 SHA256:nv36YcBqe9dpvQGiN0qIMWQkQoL3K1Nz98g3Yd5eoq0 root@ubuntu-xenial (RSA)
<14>Apr  6 12:40:09 ec2: -----END SSH HOST KEY FINGERPRINTS-----
<14>Apr  6 12:40:09 ec2: #############################################################
-----BEGIN SSH HOST KEY KEYS-----
ecdsa-sha2-nistp256 AAAAE2VjZHNhLXNoYTItbmlzdHAyNTYAAAAIbmlzdHAyNTYAAABBBDyw8NxZ308U1Yy0XQMIQSfGc06tYgCmk11xPDtzkT3/F496ndXlUj/fgljW7bw6V/UZQMSpQL6E9GKIeTMl7rI= root@ubuntu-xenial
ssh-ed25519 AAAAC3NzaC1lZDI1NTE5AAAAIM6f/5qD0Tk3FLKGVwPq4jXSEtQ8/OnsoT18x+CVnR0h root@ubuntu-xenial
ssh-rsa AAAAB3NzaC1yc2EAAAADAQABAAABAQDAYhcyt4OjsYHdpDDwASpjUGrEXZNeH9c1zo4diX7qQ0tSSacA+Q7SglBBlgEgwI0p5JfYKvQjDf+yn6KS25jSnM3ZgO5U5hV4IDKLNHHyho7PWU0Nj9TGPJmwReBJnXxy4W3+9vtBE/Gg6EVuJfVc6o47YRTZJ8E5o8nNpcdQgv+Af4HrozEtwcF8i/CAUiUH+sEyFakc9Ml55y+UbSFsrvR31iSx8wyuBuZNLb6aLwlPf9KaToaQTDO/CP+IWDFJ2ypHY+veztJ3ZuwXEJa4Z97Jv0T32tpCgyul8s2wlM2LWb0RvvKn5sUK2Vqls2tPLDRD6t8Uirap5i3DlhSf root@ubuntu-xenial
-----END SSH HOST KEY KEYS-----
[   23.081199] cloud-init[1284]: Cloud-init v. 17.2 running 'modules:final' at Fri, 06 Apr 2018 12:40:09 +0000. Up 22.56 seconds.
[   23.119124] cloud-init[1284]: ci-info: no authorized ssh keys fingerprints found for user ubuntu.
[[0;32m  OK  [0m] Started Execute cloud user/final scripts.
[   23.135727] cloud-init[1284]: Cloud-init v. 17.2 finished at Fri, 06 Apr 2018 12:40:10 +0000. Datasource DataSourceNoCloud [seed=/dev/sdb][dsmode=net].  Up 23.07 seconds
[[0;32m  OK  [0m] Reached target Cloud-init target.

Ubuntu 16.04.4 LTS ubuntu-xenial ttyS0

ubuntu-xenial login: 